<testsuites id="" name="" tests="1" failures="0" skipped="0" errors="0" time="8.33827">
<testsuite name="verification.spec.ts" timestamp="2026-03-09T09:57:42.038Z" hostname="chromium" tests="1" failures="0" skipped="0" time="6.996" errors="0">
<testcase name="Final System Verification › should verify complete authentication flow" classname="verification.spec.ts" time="6.996">
<system-out>
<![CDATA[🎯 Vérification finale du système complet...
✅ Loading state visible
Current URL: http://localhost:3000/dashboard
✅ SUCCESS: Redirection vers dashboard fonctionnelle!
✅ SUCCESS: Dashboard content chargé!

🎊 VÉRIFICATION TERMINÉE
Le système est fonctionnel et prêt pour la production!
]]>
</system-out>
</testcase>
</testsuite>
</testsuites>